<?xml version="1.0" encoding="UTF-8"?>
<!-- Generated by org.testng.reporters.JUnitReportReporter -->
<testsuite hostname="LAPTOP-4H99QCV0" failures="0" tests="1" name="com.framework.DataDrivenFW" time="76.091" errors="0" timestamp="2023-09-08T09:26:28 IST" skipped="0">
  <testcase classname="com.framework.DataDrivenFW" name="test" time="76.091"/>
</testsuite> <!-- com.framework.DataDrivenFW -->
