<?xml version="1.0" encoding="UTF-8"?>
<!-- Generated by org.testng.reporters.JUnitReportReporter -->
<testsuite hostname="LAPTOP-4H99QCV0" failures="0" tests="2" name="com.testng.TestNgDemo" time="41.332" errors="0" timestamp="2023-07-25T12:56:11 IST" skipped="0">
  <testcase classname="com.testng.TestNgDemo" name="f" time="20.063"/>
  <testcase classname="com.testng.TestNgDemo" name="test3" time="21.269"/>
</testsuite> <!-- com.testng.TestNgDemo -->
