<?xml version="1.0" encoding="UTF-8"?>
<!-- Generated by org.testng.reporters.JUnitReportReporter -->
<testsuite hostname="LAPTOP-4H99QCV0" failures="0" tests="6" name="com.framework.HybridDrivenFW" time="12.395" errors="0" timestamp="2023-10-07T11:41:54 IST" skipped="0">
  <testcase classname="com.framework.HybridDrivenFW" name="test" time="2.145"/>
  <testcase classname="com.framework.HybridDrivenFW" name="test" time="2.108"/>
  <testcase classname="com.framework.HybridDrivenFW" name="test" time="2.615"/>
  <testcase classname="com.framework.HybridDrivenFW" name="test" time="2.181"/>
  <testcase classname="com.framework.HybridDrivenFW" name="test" time="3.234"/>
  <testcase classname="com.framework.HybridDrivenFW" name="test" time="0.112"/>
</testsuite> <!-- com.framework.HybridDrivenFW -->
