<?xml version="1.0" encoding="UTF-8"?>
<!-- Generated by org.testng.reporters.JUnitReportReporter -->
<testsuite hostname="LAPTOP-4H99QCV0" failures="0" tests="6" name="com.framework.KeywordDrivenFW" time="14.298" errors="0" timestamp="2023-07-31T08:47:54 IST" skipped="0">
  <testcase classname="com.framework.KeywordDrivenFW" name="test" time="0.119"/>
  <testcase classname="com.framework.KeywordDrivenFW" name="test" time="4.402"/>
  <testcase classname="com.framework.KeywordDrivenFW" name="test" time="2.165"/>
  <testcase classname="com.framework.KeywordDrivenFW" name="test" time="2.196"/>
  <testcase classname="com.framework.KeywordDrivenFW" name="test" time="3.248"/>
  <testcase classname="com.framework.KeywordDrivenFW" name="test" time="2.168"/>
</testsuite> <!-- com.framework.KeywordDrivenFW -->
