<?xml version="1.0" encoding="UTF-8"?>
<!-- Generated by org.testng.reporters.JUnitReportReporter -->
<testsuite hostname="LAPTOP-4H99QCV0" failures="0" tests="1" name="com.testng.ParameterTest" time="51.911" errors="0" timestamp="2023-07-27T12:16:35 IST" skipped="0">
  <testcase classname="com.testng.ParameterTest" name="parametertest" time="51.911"/>
</testsuite> <!-- com.testng.ParameterTest -->
