<?xml version="1.0" encoding="UTF-8"?>
<!-- Generated by org.testng.reporters.JUnitReportReporter -->
<testsuite hostname="LAPTOP-4H99QCV0" failures="0" tests="1" name="com.maven.AppiumTest.AppTest" time="57.171" errors="0" timestamp="2023-08-17T08:31:17 IST" skipped="0">
  <testcase classname="com.maven.AppiumTest.AppTest" name="appiumTest" time="57.171"/>
  <system-out/>
</testsuite> <!-- com.maven.AppiumTest.AppTest -->
